[0m12:44:17.916234 [debug] [MainThread]: Sending event: {'category': 'dbt', 'action': 'invocation', 'label': 'start', 'context': [<snowplow_tracker.self_describing_json.SelfDescribingJson object at 0x000002464179CA50>, <snowplow_tracker.self_describing_json.SelfDescribingJson object at 0x00000246417E1690>, <snowplow_tracker.self_describing_json.SelfDescribingJson object at 0x00000246417E2810>]}


============================== 12:44:17.921235 | 39d78b40-66f7-4849-ae22-f4b48d769d0e ==============================
[0m12:44:17.921235 [info ] [MainThread]: Running with dbt=1.7.13
[0m12:44:17.922234 [debug] [MainThread]: running dbt with arguments {'printer_width': '80', 'indirect_selection': 'eager', 'log_cache_events': 'False', 'write_json': 'True', 'partial_parse': 'True', 'cache_selected_only': 'False', 'warn_error': 'None', 'debug': 'False', 'fail_fast': 'False', 'log_path': 'logs', 'profiles_dir': 'C:\\Users\\AlphiusVictoriaAshle\\.dbt', 'version_check': 'True', 'use_colors': 'True', 'use_experimental_parser': 'False', 'no_print': 'None', 'quiet': 'False', 'warn_error_options': 'WarnErrorOptions(include=[], exclude=[])', 'static_parser': 'True', 'introspect': 'True', 'invocation_command': 'dbt init', 'target_path': 'None', 'log_format': 'default', 'send_anonymous_usage_stats': 'True'}
[0m12:44:36.201753 [debug] [MainThread]: Starter project path: C:\Users\AlphiusVictoriaAshle\AppData\Local\Programs\Python\Python311\Lib\site-packages\dbt\include\starter_project
[0m12:44:36.276653 [info ] [MainThread]: 
Your new dbt project "dbt_test" was created!

For more information on how to configure the profiles.yml file,
please consult the dbt documentation here:

  https://docs.getdbt.com/docs/configure-your-profile

One more thing:

Need help? Don't hesitate to reach out to us via GitHub issues or on Slack:

  https://community.getdbt.com/

Happy modeling!

[0m12:44:36.277654 [info ] [MainThread]: Setting up your profile.
[0m12:46:45.706143 [info ] [MainThread]: Profile dbt_test written to C:\Users\AlphiusVictoriaAshle\.dbt\profiles.yml using target's profile_template.yml and your supplied values. Run 'dbt debug' to validate the connection.
[0m12:46:45.708535 [debug] [MainThread]: Command `dbt init` succeeded at 12:46:45.708535 after 147.88 seconds
[0m12:46:45.709550 [debug] [MainThread]: Sending event: {'category': 'dbt', 'action': 'invocation', 'label': 'end', 'context': [<snowplow_tracker.self_describing_json.SelfDescribingJson object at 0x00000246417C9CD0>, <snowplow_tracker.self_describing_json.SelfDescribingJson object at 0x000002464179E450>, <snowplow_tracker.self_describing_json.SelfDescribingJson object at 0x00000246417A6F90>]}
[0m12:46:45.710531 [debug] [MainThread]: Flushing usage events
[0m12:46:55.027407 [debug] [MainThread]: Sending event: {'category': 'dbt', 'action': 'invocation', 'label': 'start', 'context': [<snowplow_tracker.self_describing_json.SelfDescribingJson object at 0x000001D7278FB290>, <snowplow_tracker.self_describing_json.SelfDescribingJson object at 0x000001D727EE0050>, <snowplow_tracker.self_describing_json.SelfDescribingJson object at 0x000001D727EE2D90>]}


============================== 12:46:55.032406 | 0b4e57f7-2e6a-45ae-b62e-5163aaaaac64 ==============================
[0m12:46:55.032406 [info ] [MainThread]: Running with dbt=1.7.13
[0m12:46:55.033410 [debug] [MainThread]: running dbt with arguments {'printer_width': '80', 'indirect_selection': 'eager', 'log_cache_events': 'False', 'write_json': 'True', 'partial_parse': 'True', 'cache_selected_only': 'False', 'profiles_dir': 'C:\\Users\\AlphiusVictoriaAshle\\.dbt', 'debug': 'False', 'fail_fast': 'False', 'log_path': 'logs', 'version_check': 'True', 'warn_error': 'None', 'use_colors': 'True', 'use_experimental_parser': 'False', 'no_print': 'None', 'quiet': 'False', 'log_format': 'default', 'static_parser': 'True', 'warn_error_options': 'WarnErrorOptions(include=[], exclude=[])', 'invocation_command': 'dbt debug', 'target_path': 'None', 'introspect': 'True', 'send_anonymous_usage_stats': 'True'}
[0m12:46:55.035409 [info ] [MainThread]: dbt version: 1.7.13
[0m12:46:55.036409 [info ] [MainThread]: python version: 3.11.0
[0m12:46:55.037408 [info ] [MainThread]: python path: C:\Users\AlphiusVictoriaAshle\AppData\Local\Programs\Python\Python311\python.exe
[0m12:46:55.037408 [info ] [MainThread]: os info: Windows-10-10.0.19045-SP0
[0m12:46:55.946534 [info ] [MainThread]: Using profiles dir at C:\Users\AlphiusVictoriaAshle\.dbt
[0m12:46:55.947536 [info ] [MainThread]: Using profiles.yml file at C:\Users\AlphiusVictoriaAshle\.dbt\profiles.yml
[0m12:46:55.949534 [info ] [MainThread]: Using dbt_project.yml file at C:\Users\AlphiusVictoriaAshle\Desktop\dbt-test\dbt_project.yml
[0m12:46:55.950550 [info ] [MainThread]: Configuration:
[0m12:46:55.950550 [info ] [MainThread]:   profiles.yml file [[31mERROR invalid[0m]
[0m12:46:55.951550 [info ] [MainThread]:   dbt_project.yml file [[31mERROR not found[0m]
[0m12:46:55.952534 [info ] [MainThread]: Required dependencies:
[0m12:46:55.952534 [debug] [MainThread]: Executing "git --help"
[0m12:46:56.002534 [debug] [MainThread]: STDOUT: "b"usage: git [-v | --version] [-h | --help] [-C <path>] [-c <name>=<value>]\n           [--exec-path[=<path>]] [--html-path] [--man-path] [--info-path]\n           [-p | --paginate | -P | --no-pager] [--no-replace-objects] [--bare]\n           [--git-dir=<path>] [--work-tree=<path>] [--namespace=<name>]\n           [--config-env=<name>=<envvar>] <command> [<args>]\n\nThese are common Git commands used in various situations:\n\nstart a working area (see also: git help tutorial)\n   clone     Clone a repository into a new directory\n   init      Create an empty Git repository or reinitialize an existing one\n\nwork on the current change (see also: git help everyday)\n   add       Add file contents to the index\n   mv        Move or rename a file, a directory, or a symlink\n   restore   Restore working tree files\n   rm        Remove files from the working tree and from the index\n\nexamine the history and state (see also: git help revisions)\n   bisect    Use binary search to find the commit that introduced a bug\n   diff      Show changes between commits, commit and working tree, etc\n   grep      Print lines matching a pattern\n   log       Show commit logs\n   show      Show various types of objects\n   status    Show the working tree status\n\ngrow, mark and tweak your common history\n   branch    List, create, or delete branches\n   commit    Record changes to the repository\n   merge     Join two or more development histories together\n   rebase    Reapply commits on top of another base tip\n   reset     Reset current HEAD to the specified state\n   switch    Switch branches\n   tag       Create, list, delete or verify a tag object signed with GPG\n\ncollaborate (see also: git help workflows)\n   fetch     Download objects and refs from another repository\n   pull      Fetch from and integrate with another repository or a local branch\n   push      Update remote refs along with associated objects\n\n'git help -a' and 'git help -g' list available subcommands and some\nconcept guides. See 'git help <command>' or 'git help <concept>'\nto read about a specific subcommand or concept.\nSee 'git help git' for an overview of the system.\n""
[0m12:46:56.002534 [debug] [MainThread]: STDERR: "b''"
[0m12:46:56.003533 [info ] [MainThread]:  - git [[32mOK found[0m]

[0m12:46:56.004534 [info ] [MainThread]: Connection test skipped since no profile was found
[0m12:46:56.005534 [info ] [MainThread]: [31m2 checks failed:[0m
[0m12:46:56.006534 [info ] [MainThread]: Could not load dbt_project.yml
Profile loading failed for the following reason:
Runtime Error
  outputs not specified in profile 'data_profiler_test'


[0m12:46:56.007533 [info ] [MainThread]: Project loading failed for the following reason:
 project path <C:\Users\AlphiusVictoriaAshle\Desktop\dbt-test\dbt_project.yml> not found

[0m12:46:56.008534 [debug] [MainThread]: Command `dbt debug` failed at 12:46:56.008534 after 1.07 seconds
[0m12:46:56.009532 [debug] [MainThread]: Sending event: {'category': 'dbt', 'action': 'invocation', 'label': 'end', 'context': [<snowplow_tracker.self_describing_json.SelfDescribingJson object at 0x000001D727AF0590>, <snowplow_tracker.self_describing_json.SelfDescribingJson object at 0x000001D721199AD0>, <snowplow_tracker.self_describing_json.SelfDescribingJson object at 0x000001D727E92A90>]}
[0m12:46:56.010535 [debug] [MainThread]: Flushing usage events
[0m12:49:28.916527 [debug] [MainThread]: Sending event: {'category': 'dbt', 'action': 'invocation', 'label': 'start', 'context': [<snowplow_tracker.self_describing_json.SelfDescribingJson object at 0x000001996BDD3F90>, <snowplow_tracker.self_describing_json.SelfDescribingJson object at 0x000001996BDD3210>, <snowplow_tracker.self_describing_json.SelfDescribingJson object at 0x000001996B9F0450>]}


============================== 12:49:28.920527 | 3c8b1316-2c0e-4d71-aea6-fd70d19ff93f ==============================
[0m12:49:28.920527 [info ] [MainThread]: Running with dbt=1.7.13
[0m12:49:28.921525 [debug] [MainThread]: running dbt with arguments {'printer_width': '80', 'indirect_selection': 'eager', 'write_json': 'True', 'log_cache_events': 'False', 'partial_parse': 'True', 'cache_selected_only': 'False', 'profiles_dir': 'C:\\Users\\AlphiusVictoriaAshle\\.dbt', 'version_check': 'True', 'debug': 'False', 'log_path': 'logs', 'fail_fast': 'False', 'warn_error': 'None', 'use_colors': 'True', 'use_experimental_parser': 'False', 'no_print': 'None', 'quiet': 'False', 'warn_error_options': 'WarnErrorOptions(include=[], exclude=[])', 'invocation_command': 'dbt debug', 'static_parser': 'True', 'introspect': 'True', 'target_path': 'None', 'log_format': 'default', 'send_anonymous_usage_stats': 'True'}
[0m12:49:28.922529 [info ] [MainThread]: dbt version: 1.7.13
[0m12:49:28.923530 [info ] [MainThread]: python version: 3.11.0
[0m12:49:28.924543 [info ] [MainThread]: python path: C:\Users\AlphiusVictoriaAshle\AppData\Local\Programs\Python\Python311\python.exe
[0m12:49:28.924543 [info ] [MainThread]: os info: Windows-10-10.0.19045-SP0
[0m12:49:29.621517 [info ] [MainThread]: Using profiles dir at C:\Users\AlphiusVictoriaAshle\.dbt
[0m12:49:29.622518 [info ] [MainThread]: Using profiles.yml file at C:\Users\AlphiusVictoriaAshle\.dbt\profiles.yml
[0m12:49:29.624889 [info ] [MainThread]: Using dbt_project.yml file at C:\Users\AlphiusVictoriaAshle\Desktop\dbt-test\dbt_project.yml
[0m12:49:29.625900 [error] [MainThread]: Encountered an error:
Internal Error
  Profile should not be None if loading profile completed
[0m12:49:29.627915 [debug] [MainThread]: Command `dbt debug` failed at 12:49:29.626899 after 0.80 seconds
[0m12:49:29.627915 [debug] [MainThread]: Sending event: {'category': 'dbt', 'action': 'invocation', 'label': 'end', 'context': [<snowplow_tracker.self_describing_json.SelfDescribingJson object at 0x000001996BD9E750>, <snowplow_tracker.self_describing_json.SelfDescribingJson object at 0x000001996B97C350>, <snowplow_tracker.self_describing_json.SelfDescribingJson object at 0x00000199650A9AD0>]}
[0m12:49:29.628915 [debug] [MainThread]: Flushing usage events
[0m12:50:34.269593 [debug] [MainThread]: Sending event: {'category': 'dbt', 'action': 'invocation', 'label': 'start', 'context': [<snowplow_tracker.self_describing_json.SelfDescribingJson object at 0x00000224DD6E9D50>, <snowplow_tracker.self_describing_json.SelfDescribingJson object at 0x00000224DD6EB710>, <snowplow_tracker.self_describing_json.SelfDescribingJson object at 0x00000224DD6B3810>]}


============================== 12:50:34.273578 | 2415c8bf-1f4c-4a5a-a897-cb51bea25256 ==============================
[0m12:50:34.273578 [info ] [MainThread]: Running with dbt=1.7.13
[0m12:50:34.275577 [debug] [MainThread]: running dbt with arguments {'printer_width': '80', 'indirect_selection': 'eager', 'log_cache_events': 'False', 'write_json': 'True', 'partial_parse': 'True', 'cache_selected_only': 'False', 'warn_error': 'None', 'version_check': 'True', 'profiles_dir': 'C:\\Users\\AlphiusVictoriaAshle\\.dbt', 'log_path': 'logs', 'fail_fast': 'False', 'debug': 'False', 'use_colors': 'True', 'use_experimental_parser': 'False', 'no_print': 'None', 'quiet': 'False', 'log_format': 'default', 'invocation_command': 'dbt debug', 'static_parser': 'True', 'introspect': 'True', 'target_path': 'None', 'warn_error_options': 'WarnErrorOptions(include=[], exclude=[])', 'send_anonymous_usage_stats': 'True'}
[0m12:50:34.276594 [info ] [MainThread]: dbt version: 1.7.13
[0m12:50:34.277578 [info ] [MainThread]: python version: 3.11.0
[0m12:50:34.277578 [info ] [MainThread]: python path: C:\Users\AlphiusVictoriaAshle\AppData\Local\Programs\Python\Python311\python.exe
[0m12:50:34.278578 [info ] [MainThread]: os info: Windows-10-10.0.19045-SP0
[0m12:50:34.908062 [info ] [MainThread]: Using profiles dir at C:\Users\AlphiusVictoriaAshle\.dbt
[0m12:50:34.909063 [info ] [MainThread]: Using profiles.yml file at C:\Users\AlphiusVictoriaAshle\.dbt\profiles.yml
[0m12:50:34.910064 [info ] [MainThread]: Using dbt_project.yml file at C:\Users\AlphiusVictoriaAshle\Desktop\dbt-test\dbt_project.yml
[0m12:50:34.910064 [error] [MainThread]: Encountered an error:
Internal Error
  Profile should not be None if loading profile completed
[0m12:50:34.913064 [debug] [MainThread]: Command `dbt debug` failed at 12:50:34.912064 after 0.72 seconds
[0m12:50:34.913064 [debug] [MainThread]: Sending event: {'category': 'dbt', 'action': 'invocation', 'label': 'end', 'context': [<snowplow_tracker.self_describing_json.SelfDescribingJson object at 0x00000224DD310DD0>, <snowplow_tracker.self_describing_json.SelfDescribingJson object at 0x00000224DD1A7B50>, <snowplow_tracker.self_describing_json.SelfDescribingJson object at 0x00000224D6C64410>]}
[0m12:50:34.914064 [debug] [MainThread]: Flushing usage events
